2025-06-29 21:19:02,025 - INFO - Could not import comtypes.gen, trying to create it.
2025-06-29 21:19:02,026 - INFO - Created comtypes.gen directory: 'C:\Users\saksh\AppData\Local\Packages\PythonSoftwareFoundation.Python.3.11_qbz5n2kfra8p0\LocalCache\local-packages\Python311\site-packages\comtypes\gen'
2025-06-29 21:19:02,026 - INFO - Writing __init__.py file: 'C:\Users\saksh\AppData\Local\Packages\PythonSoftwareFoundation.Python.3.11_qbz5n2kfra8p0\LocalCache\local-packages\Python311\site-packages\comtypes\gen\__init__.py'
2025-06-29 21:19:02,034 - INFO - Using writeable comtypes cache directory: 'C:\Users\saksh\AppData\Local\Packages\PythonSoftwareFoundation.Python.3.11_qbz5n2kfra8p0\LocalCache\local-packages\Python311\site-packages\comtypes\gen'
2025-06-29 21:19:02,070 - INFO - Could not import comtypes.gen._C866CA3A_32F7_11D2_9602_00C04F8EE628_0_5_4: No module named 'comtypes.gen._C866CA3A_32F7_11D2_9602_00C04F8EE628_0_5_4'
2025-06-29 21:19:02,090 - INFO - # Generating comtypes.gen._C866CA3A_32F7_11D2_9602_00C04F8EE628_0_5_4
2025-06-29 21:19:02,182 - INFO - # Generating comtypes.gen.SpeechLib
2025-06-29 21:19:02,188 - INFO - Could not import comtypes.gen._00020430_0000_0000_C000_000000000046_0_2_0: No module named 'comtypes.gen._00020430_0000_0000_C000_000000000046_0_2_0'
2025-06-29 21:19:02,189 - INFO - # Generating comtypes.gen._00020430_0000_0000_C000_000000000046_0_2_0
2025-06-29 21:19:02,197 - INFO - # Generating comtypes.gen.stdole
2025-06-29 21:19:53,943 - INFO - Imported existing <module 'comtypes.gen' from 'C:\\Users\\saksh\\AppData\\Local\\Packages\\PythonSoftwareFoundation.Python.3.11_qbz5n2kfra8p0\\LocalCache\\local-packages\\Python311\\site-packages\\comtypes\\gen\\__init__.py'>
2025-06-29 21:19:53,944 - INFO - Using writeable comtypes cache directory: 'C:\Users\saksh\AppData\Local\Packages\PythonSoftwareFoundation.Python.3.11_qbz5n2kfra8p0\LocalCache\local-packages\Python311\site-packages\comtypes\gen'
2025-06-29 21:19:54,123 - INFO - Tesphase Girlfriend Bot started! Scheduling tasks...
2025-06-29 21:19:54,123 - INFO - Morning reminder: 8:00 AM
2025-06-29 21:19:54,123 - INFO - Mid-day reminder: 2:00 PM
2025-06-29 21:19:54,124 - INFO - Evening summary: 6:00 PM
2025-06-29 21:21:16,519 - INFO - Imported existing <module 'comtypes.gen' from 'C:\\Users\\saksh\\AppData\\Local\\Packages\\PythonSoftwareFoundation.Python.3.11_qbz5n2kfra8p0\\LocalCache\\local-packages\\Python311\\site-packages\\comtypes\\gen\\__init__.py'>
2025-06-29 21:21:16,519 - INFO - Using writeable comtypes cache directory: 'C:\Users\saksh\AppData\Local\Packages\PythonSoftwareFoundation.Python.3.11_qbz5n2kfra8p0\LocalCache\local-packages\Python311\site-packages\comtypes\gen'
2025-06-29 21:21:16,657 - INFO - Tesphase Girlfriend Bot started! Scheduling tasks...
2025-06-29 21:21:16,657 - INFO - Morning reminder: 8:00 AM
2025-06-29 21:21:16,657 - INFO - Mid-day reminder: 2:00 PM
2025-06-29 21:21:16,658 - INFO - Evening summary: 6:00 PM
2025-06-29 21:21:26,260 - INFO - Imported existing <module 'comtypes.gen' from 'C:\\Users\\saksh\\AppData\\Local\\Packages\\PythonSoftwareFoundation.Python.3.11_qbz5n2kfra8p0\\LocalCache\\local-packages\\Python311\\site-packages\\comtypes\\gen\\__init__.py'>
2025-06-29 21:21:26,261 - INFO - Using writeable comtypes cache directory: 'C:\Users\saksh\AppData\Local\Packages\PythonSoftwareFoundation.Python.3.11_qbz5n2kfra8p0\LocalCache\local-packages\Python311\site-packages\comtypes\gen'
2025-06-29 21:21:57,991 - INFO - Imported existing <module 'comtypes.gen' from 'C:\\Users\\saksh\\AppData\\Local\\Packages\\PythonSoftwareFoundation.Python.3.11_qbz5n2kfra8p0\\LocalCache\\local-packages\\Python311\\site-packages\\comtypes\\gen\\__init__.py'>
2025-06-29 21:21:57,992 - INFO - Using writeable comtypes cache directory: 'C:\Users\saksh\AppData\Local\Packages\PythonSoftwareFoundation.Python.3.11_qbz5n2kfra8p0\LocalCache\local-packages\Python311\site-packages\comtypes\gen'
2025-06-29 21:25:51,822 - INFO - Imported existing <module 'comtypes.gen' from 'C:\\Users\\saksh\\AppData\\Local\\Packages\\PythonSoftwareFoundation.Python.3.11_qbz5n2kfra8p0\\LocalCache\\local-packages\\Python311\\site-packages\\comtypes\\gen\\__init__.py'>
2025-06-29 21:25:51,823 - INFO - Using writeable comtypes cache directory: 'C:\Users\saksh\AppData\Local\Packages\PythonSoftwareFoundation.Python.3.11_qbz5n2kfra8p0\LocalCache\local-packages\Python311\site-packages\comtypes\gen'
